2019-10-06 12:31:17,258 INFO (StartupInfoLogger.java:50)- Starting NewsApplicationTests on MacBookPro.local with PID 23418 (started by red in /Users/red/Desktop/workspace/project/java/news)
2019-10-06 12:31:17,258 DEBUG (StartupInfoLogger.java:53)- Running with Spring Boot v2.1.9.RELEASE, Spring v5.1.10.RELEASE
2019-10-06 12:31:17,259 INFO (SpringApplication.java:648)- No active profile set, falling back to default profiles: default
2019-10-06 12:36:49,752 INFO (StartupInfoLogger.java:50)- Starting NewsApplicationTests on MacBookPro.local with PID 23583 (started by red in /Users/red/Desktop/workspace/project/java/news)
2019-10-06 12:36:49,753 DEBUG (StartupInfoLogger.java:53)- Running with Spring Boot v2.1.9.RELEASE, Spring v5.1.10.RELEASE
2019-10-06 12:36:49,753 INFO (SpringApplication.java:648)- No active profile set, falling back to default profiles: default
2019-10-06 12:37:33,448 INFO (StartupInfoLogger.java:50)- Starting NewsApplicationTests on MacBookPro.local with PID 23685 (started by red in /Users/red/Desktop/workspace/project/java/news)
2019-10-06 12:37:33,448 DEBUG (StartupInfoLogger.java:53)- Running with Spring Boot v2.1.9.RELEASE, Spring v5.1.10.RELEASE
2019-10-06 12:37:33,449 INFO (SpringApplication.java:648)- No active profile set, falling back to default profiles: default
2019-10-06 12:37:36,679 INFO (StartupInfoLogger.java:59)- Started NewsApplicationTests in 3.36 seconds (JVM running for 3.97)
2019-10-06 13:12:37,047 INFO (StartupInfoLogger.java:50)- Starting NewsApplication on MacBookPro.local with PID 27257 (/Users/red/Desktop/workspace/project/java/news/target/classes started by red in /Users/red/Desktop/workspace/project/java/news)
2019-10-06 13:12:37,049 DEBUG (StartupInfoLogger.java:53)- Running with Spring Boot v2.1.9.RELEASE, Spring v5.1.10.RELEASE
2019-10-06 13:12:37,050 INFO (SpringApplication.java:648)- No active profile set, falling back to default profiles: default
2019-10-06 13:12:40,080 INFO (StartupInfoLogger.java:59)- Started NewsApplication in 3.269 seconds (JVM running for 3.881)
2019-10-06 13:12:47,809 INFO (NewsController.java:71)- ffffe32e-ee40-45a0-8272-f7d2db824f53
2019-10-06 13:13:55,379 INFO (StartupInfoLogger.java:50)- Starting NewsApplication on MacBookPro.local with PID 27286 (/Users/red/Desktop/workspace/project/java/news/target/classes started by red in /Users/red/Desktop/workspace/project/java/news)
2019-10-06 13:13:55,382 DEBUG (StartupInfoLogger.java:53)- Running with Spring Boot v2.1.9.RELEASE, Spring v5.1.10.RELEASE
2019-10-06 13:13:55,382 INFO (SpringApplication.java:648)- No active profile set, falling back to default profiles: default
2019-10-06 13:13:57,783 INFO (StartupInfoLogger.java:59)- Started NewsApplication in 2.648 seconds (JVM running for 3.072)
2019-10-06 13:14:04,238 INFO (NewsController.java:71)- ffffd644-9a78-48a2-9111-81a2cd92e9e4 target=
2019-10-06 13:15:12,498 INFO (StartupInfoLogger.java:50)- Starting NewsApplication on MacBookPro.local with PID 27304 (/Users/red/Desktop/workspace/project/java/news/target/classes started by red in /Users/red/Desktop/workspace/project/java/news)
2019-10-06 13:15:12,501 DEBUG (StartupInfoLogger.java:53)- Running with Spring Boot v2.1.9.RELEASE, Spring v5.1.10.RELEASE
2019-10-06 13:15:12,501 INFO (SpringApplication.java:648)- No active profile set, falling back to default profiles: default
2019-10-06 13:15:14,833 INFO (StartupInfoLogger.java:59)- Started NewsApplication in 2.558 seconds (JVM running for 3.188)
2019-10-06 13:15:20,256 INFO (NewsController.java:71)- ffffe32e-ee40-45a0-8272-f7d2db824f53 target=
2019-10-06 13:16:50,912 INFO (StartupInfoLogger.java:50)- Starting NewsApplication on MacBookPro.local with PID 27334 (/Users/red/Desktop/workspace/project/java/news/target/classes started by red in /Users/red/Desktop/workspace/project/java/news)
2019-10-06 13:16:50,918 DEBUG (StartupInfoLogger.java:53)- Running with Spring Boot v2.1.9.RELEASE, Spring v5.1.10.RELEASE
2019-10-06 13:16:50,921 INFO (SpringApplication.java:648)- No active profile set, falling back to default profiles: default
2019-10-06 13:16:54,015 INFO (StartupInfoLogger.java:59)- Started NewsApplication in 3.466 seconds (JVM running for 4.095)
2019-10-06 13:17:01,689 INFO (NewsController.java:71)- ffffe32e-ee40-45a0-8272-f7d2db824f53
2019-10-06 13:17:40,856 INFO (StartupInfoLogger.java:50)- Starting NewsApplicationTests on MacBookPro.local with PID 27556 (started by red in /Users/red/Desktop/workspace/project/java/news)
2019-10-06 13:17:40,856 DEBUG (StartupInfoLogger.java:53)- Running with Spring Boot v2.1.9.RELEASE, Spring v5.1.10.RELEASE
2019-10-06 13:17:40,857 INFO (SpringApplication.java:648)- No active profile set, falling back to default profiles: default
2019-10-06 13:17:43,793 INFO (StartupInfoLogger.java:59)- Started NewsApplicationTests in 3.074 seconds (JVM running for 3.628)
